Copyright 1986-2019 Xilinx, Inc. All Rights Reserved.
------------------------------------------------------------------------------------
| Tool Version : Vivado v.2019.2 (win64) Build 2708876 Wed Nov  6 21:40:23 MST 2019
| Date         : Tue Jun 22 15:17:56 2021
| Host         : e6510-electro running 64-bit major release  (build 9200)
| Command      : upgrade_ip
| Device       : xc7z010clg400-1
------------------------------------------------------------------------------------

Upgrade Log for IP 'system_mycore_0_1'

1. Summary
----------

SUCCESS in the upgrade of system_mycore_0_1 (syrte:volodimer:mycore:1.0) from (Rev. 184) to (Rev. 185)






Copyright 1986-2019 Xilinx, Inc. All Rights Reserved.
------------------------------------------------------------------------------------
| Tool Version : Vivado v.2019.2 (win64) Build 2708876 Wed Nov  6 21:40:23 MST 2019
| Date         : Tue Jun 22 15:17:56 2021
| Host         : e6510-electro running 64-bit major release  (build 9200)
| Command      : upgrade_ip
| Device       : xc7z010clg400-1
------------------------------------------------------------------------------------

Upgrade Log for IP 'system_mycore_0_0'

1. Summary
----------

SUCCESS in the upgrade of system_mycore_0_0 (syrte:volodimer:mycore:1.0) from (Rev. 184) to (Rev. 185)






Copyright 1986-2019 Xilinx, Inc. All Rights Reserved.
------------------------------------------------------------------------------------
| Tool Version : Vivado v.2019.2 (win64) Build 2708876 Wed Nov  6 21:40:23 MST 2019
| Date         : Mon Jun 14 11:21:54 2021
| Host         : e6510-electro running 64-bit major release  (build 9200)
| Command      : upgrade_ip
| Device       : xc7z010clg400-1
------------------------------------------------------------------------------------

Upgrade Log for IP 'system_mycore_0_1'

1. Summary
----------

SUCCESS in the upgrade of system_mycore_0_1 (syrte:volodimer:mycore:1.0) from (Rev. 183) to (Rev. 184)






Copyright 1986-2019 Xilinx, Inc. All Rights Reserved.
------------------------------------------------------------------------------------
| Tool Version : Vivado v.2019.2 (win64) Build 2708876 Wed Nov  6 21:40:23 MST 2019
| Date         : Mon Jun 14 11:21:54 2021
| Host         : e6510-electro running 64-bit major release  (build 9200)
| Command      : upgrade_ip
| Device       : xc7z010clg400-1
------------------------------------------------------------------------------------

Upgrade Log for IP 'system_mycore_0_0'

1. Summary
----------

SUCCESS in the upgrade of system_mycore_0_0 (syrte:volodimer:mycore:1.0) from (Rev. 183) to (Rev. 184)






Copyright 1986-2019 Xilinx, Inc. All Rights Reserved.
------------------------------------------------------------------------------------
| Tool Version : Vivado v.2019.2 (win64) Build 2708876 Wed Nov  6 21:40:23 MST 2019
| Date         : Fri Jun 11 17:08:51 2021
| Host         : e6510-electro running 64-bit major release  (build 9200)
| Command      : upgrade_ip
| Device       : xc7z010clg400-1
------------------------------------------------------------------------------------

Upgrade Log for IP 'system_mycore_0_1'

1. Summary
----------

SUCCESS in the upgrade of system_mycore_0_1 (syrte:volodimer:mycore:1.0) from (Rev. 182) to (Rev. 183)






Copyright 1986-2019 Xilinx, Inc. All Rights Reserved.
------------------------------------------------------------------------------------
| Tool Version : Vivado v.2019.2 (win64) Build 2708876 Wed Nov  6 21:40:23 MST 2019
| Date         : Fri Jun 11 17:08:51 2021
| Host         : e6510-electro running 64-bit major release  (build 9200)
| Command      : upgrade_ip
| Device       : xc7z010clg400-1
------------------------------------------------------------------------------------

Upgrade Log for IP 'system_mycore_0_0'

1. Summary
----------

SUCCESS in the upgrade of system_mycore_0_0 (syrte:volodimer:mycore:1.0) from (Rev. 182) to (Rev. 183)






Copyright 1986-2019 Xilinx, Inc. All Rights Reserved.
------------------------------------------------------------------------------------
| Tool Version : Vivado v.2019.2 (win64) Build 2708876 Wed Nov  6 21:40:23 MST 2019
| Date         : Fri Jun 11 13:21:26 2021
| Host         : e6510-electro running 64-bit major release  (build 9200)
| Command      : upgrade_ip
| Device       : xc7z010clg400-1
------------------------------------------------------------------------------------

Upgrade Log for IP 'system_mycore_0_1'

1. Summary
----------

CAUTION (success, with warnings) in the upgrade of system_mycore_0_1 (syrte:volodimer:mycore:1.0) from (Rev. 181) to (Rev. 182)

After upgrade, an IP may have parameter and port differences compared to the original customization. Please review the parameters within the IP customization GUI to ensure proper functionality. Also, please review the updated IP instantiation template to ensure proper connectivity, and update your design if required.

2. Interface Information
------------------------

Detected external interface differences while upgrading 'system_mycore_0_1'.


-Upgrade has added interface 'cclk' (xilinx.com:signal:clock:1.0)


3. Connection Warnings
----------------------

Detected external port differences while upgrading 'system_mycore_0_1'. These changes may impact your design.


-Upgrade has added port 'cclk'







Copyright 1986-2019 Xilinx, Inc. All Rights Reserved.
------------------------------------------------------------------------------------
| Tool Version : Vivado v.2019.2 (win64) Build 2708876 Wed Nov  6 21:40:23 MST 2019
| Date         : Fri Jun 11 13:21:26 2021
| Host         : e6510-electro running 64-bit major release  (build 9200)
| Command      : upgrade_ip
| Device       : xc7z010clg400-1
------------------------------------------------------------------------------------

Upgrade Log for IP 'system_mycore_0_0'

1. Summary
----------

CAUTION (success, with warnings) in the upgrade of system_mycore_0_0 (syrte:volodimer:mycore:1.0) from (Rev. 181) to (Rev. 182)

After upgrade, an IP may have parameter and port differences compared to the original customization. Please review the parameters within the IP customization GUI to ensure proper functionality. Also, please review the updated IP instantiation template to ensure proper connectivity, and update your design if required.

2. Interface Information
------------------------

Detected external interface differences while upgrading 'system_mycore_0_0'.


-Upgrade has added interface 'cclk' (xilinx.com:signal:clock:1.0)


3. Connection Warnings
----------------------

Detected external port differences while upgrading 'system_mycore_0_0'. These changes may impact your design.


-Upgrade has added port 'cclk'







Copyright 1986-2019 Xilinx, Inc. All Rights Reserved.
------------------------------------------------------------------------------------
| Tool Version : Vivado v.2019.2 (win64) Build 2708876 Wed Nov  6 21:40:23 MST 2019
| Date         : Fri Jun 11 13:15:57 2021
| Host         : e6510-electro running 64-bit major release  (build 9200)
| Command      : upgrade_ip
| Device       : xc7z010clg400-1
------------------------------------------------------------------------------------

Upgrade Log for IP 'system_mycore_0_1'

1. Summary
----------

SUCCESS in the upgrade of system_mycore_0_1 (syrte:volodimer:mycore:1.0) from (Rev. 180) to (Rev. 181)






Copyright 1986-2019 Xilinx, Inc. All Rights Reserved.
------------------------------------------------------------------------------------
| Tool Version : Vivado v.2019.2 (win64) Build 2708876 Wed Nov  6 21:40:23 MST 2019
| Date         : Fri Jun 11 13:15:57 2021
| Host         : e6510-electro running 64-bit major release  (build 9200)
| Command      : upgrade_ip
| Device       : xc7z010clg400-1
------------------------------------------------------------------------------------

Upgrade Log for IP 'system_mycore_0_0'

1. Summary
----------

SUCCESS in the upgrade of system_mycore_0_0 (syrte:volodimer:mycore:1.0) from (Rev. 180) to (Rev. 181)






Copyright 1986-2019 Xilinx, Inc. All Rights Reserved.
------------------------------------------------------------------------------------
| Tool Version : Vivado v.2019.2 (win64) Build 2708876 Wed Nov  6 21:40:23 MST 2019
| Date         : Fri Jun 11 13:12:54 2021
| Host         : e6510-electro running 64-bit major release  (build 9200)
| Command      : upgrade_ip
| Device       : xc7z010clg400-1
------------------------------------------------------------------------------------

Upgrade Log for IP 'system_mycore_0_1'

1. Summary
----------

SUCCESS in the upgrade of system_mycore_0_1 (syrte:volodimer:mycore:1.0) from (Rev. 179) to (Rev. 180)






Copyright 1986-2019 Xilinx, Inc. All Rights Reserved.
------------------------------------------------------------------------------------
| Tool Version : Vivado v.2019.2 (win64) Build 2708876 Wed Nov  6 21:40:23 MST 2019
| Date         : Fri Jun 11 13:12:54 2021
| Host         : e6510-electro running 64-bit major release  (build 9200)
| Command      : upgrade_ip
| Device       : xc7z010clg400-1
------------------------------------------------------------------------------------

Upgrade Log for IP 'system_mycore_0_0'

1. Summary
----------

SUCCESS in the upgrade of system_mycore_0_0 (syrte:volodimer:mycore:1.0) from (Rev. 179) to (Rev. 180)






Copyright 1986-2019 Xilinx, Inc. All Rights Reserved.
------------------------------------------------------------------------------------
| Tool Version : Vivado v.2019.2 (win64) Build 2708876 Wed Nov  6 21:40:23 MST 2019
| Date         : Thu Jun 10 17:00:02 2021
| Host         : e6510-electro running 64-bit major release  (build 9200)
| Command      : upgrade_ip
| Device       : xc7z010clg400-1
------------------------------------------------------------------------------------

Upgrade Log for IP 'system_mycore_0_1'

1. Summary
----------

SUCCESS in the upgrade of system_mycore_0_1 (syrte:volodimer:mycore:1.0) from (Rev. 178) to (Rev. 179)






Copyright 1986-2019 Xilinx, Inc. All Rights Reserved.
------------------------------------------------------------------------------------
| Tool Version : Vivado v.2019.2 (win64) Build 2708876 Wed Nov  6 21:40:23 MST 2019
| Date         : Thu Jun 10 17:00:02 2021
| Host         : e6510-electro running 64-bit major release  (build 9200)
| Command      : upgrade_ip
| Device       : xc7z010clg400-1
------------------------------------------------------------------------------------

Upgrade Log for IP 'system_mycore_0_0'

1. Summary
----------

SUCCESS in the upgrade of system_mycore_0_0 (syrte:volodimer:mycore:1.0) from (Rev. 178) to (Rev. 179)






Copyright 1986-2019 Xilinx, Inc. All Rights Reserved.
------------------------------------------------------------------------------------
| Tool Version : Vivado v.2019.2 (win64) Build 2708876 Wed Nov  6 21:40:23 MST 2019
| Date         : Thu Jun 10 16:58:48 2021
| Host         : e6510-electro running 64-bit major release  (build 9200)
| Command      : upgrade_ip
| Device       : xc7z010clg400-1
------------------------------------------------------------------------------------

Upgrade Log for IP 'system_mycore_0_1'

1. Summary
----------

SUCCESS in the upgrade of system_mycore_0_1 (syrte:volodimer:mycore:1.0) from (Rev. 177) to (Rev. 178)






Copyright 1986-2019 Xilinx, Inc. All Rights Reserved.
------------------------------------------------------------------------------------
| Tool Version : Vivado v.2019.2 (win64) Build 2708876 Wed Nov  6 21:40:23 MST 2019
| Date         : Thu Jun 10 16:58:48 2021
| Host         : e6510-electro running 64-bit major release  (build 9200)
| Command      : upgrade_ip
| Device       : xc7z010clg400-1
------------------------------------------------------------------------------------

Upgrade Log for IP 'system_mycore_0_0'

1. Summary
----------

SUCCESS in the upgrade of system_mycore_0_0 (syrte:volodimer:mycore:1.0) from (Rev. 177) to (Rev. 178)






Copyright 1986-2019 Xilinx, Inc. All Rights Reserved.
------------------------------------------------------------------------------------
| Tool Version : Vivado v.2019.2 (win64) Build 2708876 Wed Nov  6 21:40:23 MST 2019
| Date         : Thu Jun 10 14:28:25 2021
| Host         : e6510-electro running 64-bit major release  (build 9200)
| Command      : upgrade_ip
| Device       : xc7z010clg400-1
------------------------------------------------------------------------------------

Upgrade Log for IP 'system_mycore_0_1'

1. Summary
----------

SUCCESS in the upgrade of system_mycore_0_1 (syrte:volodimer:mycore:1.0) from (Rev. 175) to (Rev. 177)






Copyright 1986-2019 Xilinx, Inc. All Rights Reserved.
------------------------------------------------------------------------------------
| Tool Version : Vivado v.2019.2 (win64) Build 2708876 Wed Nov  6 21:40:23 MST 2019
| Date         : Thu Jun 10 14:28:25 2021
| Host         : e6510-electro running 64-bit major release  (build 9200)
| Command      : upgrade_ip
| Device       : xc7z010clg400-1
------------------------------------------------------------------------------------

Upgrade Log for IP 'system_mycore_0_0'

1. Summary
----------

SUCCESS in the upgrade of system_mycore_0_0 (syrte:volodimer:mycore:1.0) from (Rev. 175) to (Rev. 177)






Copyright 1986-2019 Xilinx, Inc. All Rights Reserved.
------------------------------------------------------------------------------------
| Tool Version : Vivado v.2019.2 (win64) Build 2708876 Wed Nov  6 21:40:23 MST 2019
| Date         : Thu Jun 10 13:04:17 2021
| Host         : e6510-electro running 64-bit major release  (build 9200)
| Command      : upgrade_ip
| Device       : xc7z010clg400-1
------------------------------------------------------------------------------------

Upgrade Log for IP 'system_mycore_0_1'

1. Summary
----------

SUCCESS in the conversion of system_mycore_0_1 (syrte:volodimer:mycore:1.0 (Rev. 175)) to Vivado generation flows.






Copyright 1986-2019 Xilinx, Inc. All Rights Reserved.
------------------------------------------------------------------------------------
| Tool Version : Vivado v.2019.2 (win64) Build 2708876 Wed Nov  6 21:40:23 MST 2019
| Date         : Thu Jun 10 13:04:17 2021
| Host         : e6510-electro running 64-bit major release  (build 9200)
| Command      : upgrade_ip
| Device       : xc7z010clg400-1
------------------------------------------------------------------------------------

Upgrade Log for IP 'system_mycore_0_0'

1. Summary
----------

SUCCESS in the conversion of system_mycore_0_0 (syrte:volodimer:mycore:1.0 (Rev. 175)) to Vivado generation flows.






Copyright 1986-2019 Xilinx, Inc. All Rights Reserved.
------------------------------------------------------------------------------------
| Tool Version : Vivado v.2019.2 (win64) Build 2708876 Wed Nov  6 21:40:23 MST 2019
| Date         : Wed Jun  9 17:49:28 2021
| Host         : e6510-electro running 64-bit major release  (build 9200)
| Command      : upgrade_ip
| Device       : xc7z010clg400-1
------------------------------------------------------------------------------------

Upgrade Log for IP 'system_mycore_0_1'

1. Summary
----------

SUCCESS in the upgrade of system_mycore_0_1 (syrte:volodimer:mycore:1.0) from (Rev. 174) to (Rev. 175)






Copyright 1986-2019 Xilinx, Inc. All Rights Reserved.
------------------------------------------------------------------------------------
| Tool Version : Vivado v.2019.2 (win64) Build 2708876 Wed Nov  6 21:40:23 MST 2019
| Date         : Wed Jun  9 17:49:28 2021
| Host         : e6510-electro running 64-bit major release  (build 9200)
| Command      : upgrade_ip
| Device       : xc7z010clg400-1
------------------------------------------------------------------------------------

Upgrade Log for IP 'system_mycore_0_0'

1. Summary
----------

SUCCESS in the upgrade of system_mycore_0_0 (syrte:volodimer:mycore:1.0) from (Rev. 174) to (Rev. 175)






Copyright 1986-2019 Xilinx, Inc. All Rights Reserved.
------------------------------------------------------------------------------------
| Tool Version : Vivado v.2019.2 (win64) Build 2708876 Wed Nov  6 21:40:23 MST 2019
| Date         : Wed Jun  9 10:27:21 2021
| Host         : e6510-electro running 64-bit major release  (build 9200)
| Command      : upgrade_ip
| Device       : xc7z010clg400-1
------------------------------------------------------------------------------------

Upgrade Log for IP 'system_mycore_0_1'

1. Summary
----------

SUCCESS in the upgrade of system_mycore_0_1 (syrte:volodimer:mycore:1.0) from (Rev. 173) to (Rev. 174)






Copyright 1986-2019 Xilinx, Inc. All Rights Reserved.
------------------------------------------------------------------------------------
| Tool Version : Vivado v.2019.2 (win64) Build 2708876 Wed Nov  6 21:40:23 MST 2019
| Date         : Wed Jun  9 10:27:21 2021
| Host         : e6510-electro running 64-bit major release  (build 9200)
| Command      : upgrade_ip
| Device       : xc7z010clg400-1
------------------------------------------------------------------------------------

Upgrade Log for IP 'system_mycore_0_0'

1. Summary
----------

SUCCESS in the upgrade of system_mycore_0_0 (syrte:volodimer:mycore:1.0) from (Rev. 173) to (Rev. 174)






Copyright 1986-2019 Xilinx, Inc. All Rights Reserved.
------------------------------------------------------------------------------------
| Tool Version : Vivado v.2019.2 (win64) Build 2708876 Wed Nov  6 21:40:23 MST 2019
| Date         : Tue Jun  8 18:22:05 2021
| Host         : e6510-electro running 64-bit major release  (build 9200)
| Command      : upgrade_ip
| Device       : xc7z010clg400-1
------------------------------------------------------------------------------------

Upgrade Log for IP 'system_mycore_0_1'

1. Summary
----------

SUCCESS in the upgrade of system_mycore_0_1 (syrte:volodimer:mycore:1.0) from (Rev. 172) to (Rev. 173)






Copyright 1986-2019 Xilinx, Inc. All Rights Reserved.
------------------------------------------------------------------------------------
| Tool Version : Vivado v.2019.2 (win64) Build 2708876 Wed Nov  6 21:40:23 MST 2019
| Date         : Tue Jun  8 18:22:05 2021
| Host         : e6510-electro running 64-bit major release  (build 9200)
| Command      : upgrade_ip
| Device       : xc7z010clg400-1
------------------------------------------------------------------------------------

Upgrade Log for IP 'system_mycore_0_0'

1. Summary
----------

SUCCESS in the upgrade of system_mycore_0_0 (syrte:volodimer:mycore:1.0) from (Rev. 172) to (Rev. 173)






Copyright 1986-2019 Xilinx, Inc. All Rights Reserved.
------------------------------------------------------------------------------------
| Tool Version : Vivado v.2019.2 (win64) Build 2708876 Wed Nov  6 21:40:23 MST 2019
| Date         : Tue Jun  8 18:18:06 2021
| Host         : e6510-electro running 64-bit major release  (build 9200)
| Command      : upgrade_ip
| Device       : xc7z010clg400-1
------------------------------------------------------------------------------------

Upgrade Log for IP 'system_mycore_0_1'

1. Summary
----------

SUCCESS in the upgrade of system_mycore_0_1 (syrte:volodimer:mycore:1.0) from (Rev. 171) to (Rev. 172)






Copyright 1986-2019 Xilinx, Inc. All Rights Reserved.
------------------------------------------------------------------------------------
| Tool Version : Vivado v.2019.2 (win64) Build 2708876 Wed Nov  6 21:40:23 MST 2019
| Date         : Tue Jun  8 18:18:06 2021
| Host         : e6510-electro running 64-bit major release  (build 9200)
| Command      : upgrade_ip
| Device       : xc7z010clg400-1
------------------------------------------------------------------------------------

Upgrade Log for IP 'system_mycore_0_0'

1. Summary
----------

SUCCESS in the upgrade of system_mycore_0_0 (syrte:volodimer:mycore:1.0) from (Rev. 171) to (Rev. 172)






Copyright 1986-2019 Xilinx, Inc. All Rights Reserved.
------------------------------------------------------------------------------------
| Tool Version : Vivado v.2019.2 (win64) Build 2708876 Wed Nov  6 21:40:23 MST 2019
| Date         : Tue Jun  8 17:57:47 2021
| Host         : e6510-electro running 64-bit major release  (build 9200)
| Command      : upgrade_ip
| Device       : xc7z010clg400-1
------------------------------------------------------------------------------------

Upgrade Log for IP 'system_mycore_0_1'

1. Summary
----------

SUCCESS in the upgrade of system_mycore_0_1 (syrte:volodimer:mycore:1.0) from (Rev. 170) to (Rev. 171)






Copyright 1986-2019 Xilinx, Inc. All Rights Reserved.
------------------------------------------------------------------------------------
| Tool Version : Vivado v.2019.2 (win64) Build 2708876 Wed Nov  6 21:40:23 MST 2019
| Date         : Tue Jun  8 17:57:47 2021
| Host         : e6510-electro running 64-bit major release  (build 9200)
| Command      : upgrade_ip
| Device       : xc7z010clg400-1
------------------------------------------------------------------------------------

Upgrade Log for IP 'system_mycore_0_0'

1. Summary
----------

SUCCESS in the upgrade of system_mycore_0_0 (syrte:volodimer:mycore:1.0) from (Rev. 170) to (Rev. 171)






Copyright 1986-2019 Xilinx, Inc. All Rights Reserved.
------------------------------------------------------------------------------------
| Tool Version : Vivado v.2019.2 (win64) Build 2708876 Wed Nov  6 21:40:23 MST 2019
| Date         : Tue Jun  8 17:18:43 2021
| Host         : e6510-electro running 64-bit major release  (build 9200)
| Command      : upgrade_ip
| Device       : xc7z010clg400-1
------------------------------------------------------------------------------------

Upgrade Log for IP 'system_mycore_0_1'

1. Summary
----------

SUCCESS in the upgrade of system_mycore_0_1 (syrte:volodimer:mycore:1.0) from (Rev. 168) to (Rev. 170)






Copyright 1986-2019 Xilinx, Inc. All Rights Reserved.
------------------------------------------------------------------------------------
| Tool Version : Vivado v.2019.2 (win64) Build 2708876 Wed Nov  6 21:40:23 MST 2019
| Date         : Tue Jun  8 17:18:43 2021
| Host         : e6510-electro running 64-bit major release  (build 9200)
| Command      : upgrade_ip
| Device       : xc7z010clg400-1
------------------------------------------------------------------------------------

Upgrade Log for IP 'system_mycore_0_0'

1. Summary
----------

SUCCESS in the upgrade of system_mycore_0_0 (syrte:volodimer:mycore:1.0) from (Rev. 168) to (Rev. 170)






Copyright 1986-2019 Xilinx, Inc. All Rights Reserved.
------------------------------------------------------------------------------------
| Tool Version : Vivado v.2019.2 (win64) Build 2708876 Wed Nov  6 21:40:23 MST 2019
| Date         : Tue Jun  8 16:59:22 2021
| Host         : e6510-electro running 64-bit major release  (build 9200)
| Command      : upgrade_ip
| Device       : xc7z010clg400-1
------------------------------------------------------------------------------------

Upgrade Log for IP 'system_mycore_0_1'

1. Summary
----------

SUCCESS in the upgrade of system_mycore_0_1 (syrte:volodimer:mycore:1.0) from (Rev. 167) to (Rev. 168)






Copyright 1986-2019 Xilinx, Inc. All Rights Reserved.
------------------------------------------------------------------------------------
| Tool Version : Vivado v.2019.2 (win64) Build 2708876 Wed Nov  6 21:40:23 MST 2019
| Date         : Tue Jun  8 16:59:22 2021
| Host         : e6510-electro running 64-bit major release  (build 9200)
| Command      : upgrade_ip
| Device       : xc7z010clg400-1
------------------------------------------------------------------------------------

Upgrade Log for IP 'system_mycore_0_0'

1. Summary
----------

SUCCESS in the upgrade of system_mycore_0_0 (syrte:volodimer:mycore:1.0) from (Rev. 167) to (Rev. 168)






Copyright 1986-2019 Xilinx, Inc. All Rights Reserved.
------------------------------------------------------------------------------------
| Tool Version : Vivado v.2019.2 (win64) Build 2708876 Wed Nov  6 21:40:23 MST 2019
| Date         : Wed May 12 11:30:25 2021
| Host         : e6510-electro running 64-bit major release  (build 9200)
| Command      : upgrade_ip
| Device       : xc7z010clg400-1
------------------------------------------------------------------------------------

Upgrade Log for IP 'system_mycore_0_1'

1. Summary
----------

SUCCESS in the upgrade of system_mycore_0_1 (syrte:volodimer:mycore:1.0) from (Rev. 166) to (Rev. 167)






Copyright 1986-2019 Xilinx, Inc. All Rights Reserved.
------------------------------------------------------------------------------------
| Tool Version : Vivado v.2019.2 (win64) Build 2708876 Wed Nov  6 21:40:23 MST 2019
| Date         : Wed May 12 11:30:25 2021
| Host         : e6510-electro running 64-bit major release  (build 9200)
| Command      : upgrade_ip
| Device       : xc7z010clg400-1
------------------------------------------------------------------------------------

Upgrade Log for IP 'system_mycore_0_0'

1. Summary
----------

SUCCESS in the upgrade of system_mycore_0_0 (syrte:volodimer:mycore:1.0) from (Rev. 166) to (Rev. 167)






Copyright 1986-2019 Xilinx, Inc. All Rights Reserved.
------------------------------------------------------------------------------------
| Tool Version : Vivado v.2019.2 (win64) Build 2708876 Wed Nov  6 21:40:23 MST 2019
| Date         : Wed May 12 11:14:21 2021
| Host         : e6510-electro running 64-bit major release  (build 9200)
| Command      : upgrade_ip
| Device       : xc7z010clg400-1
------------------------------------------------------------------------------------

Upgrade Log for IP 'system_mycore_0_1'

1. Summary
----------

SUCCESS in the upgrade of system_mycore_0_1 (syrte:volodimer:mycore:1.0) from (Rev. 165) to (Rev. 166)






Copyright 1986-2019 Xilinx, Inc. All Rights Reserved.
------------------------------------------------------------------------------------
| Tool Version : Vivado v.2019.2 (win64) Build 2708876 Wed Nov  6 21:40:23 MST 2019
| Date         : Wed May 12 11:14:20 2021
| Host         : e6510-electro running 64-bit major release  (build 9200)
| Command      : upgrade_ip
| Device       : xc7z010clg400-1
------------------------------------------------------------------------------------

Upgrade Log for IP 'system_mycore_0_0'

1. Summary
----------

SUCCESS in the upgrade of system_mycore_0_0 (syrte:volodimer:mycore:1.0) from (Rev. 165) to (Rev. 166)

