#-----------------------------------------------------------
# Vivado v2019.2 (64-bit)
# SW Build 2708876 on Wed Nov  6 21:40:23 MST 2019
# IP Build 2700528 on Thu Nov  7 00:09:20 MST 2019
# Start of session at: Wed Dec  2 10:38:04 2020
# Process ID: 10732
# Current directory: F:/MIGA/tmp
# Command line: vivado.exe -gui_launcher_event rodinguilauncherevent3408 F:\MIGA\tmp\sdr_receiver.xpr
# Log file: F:/MIGA/tmp/vivado.log
# Journal file: F:/MIGA/tmp\vivado.jou
#-----------------------------------------------------------
start_gui
open_project F:/MIGA/tmp/sdr_receiver.xpr
INFO: [Project 1-313] Project file moved from '/home2/Xilinx/MIGA/red-pitaya-notes-master/tmp' since last save.
Scanning sources...
Finished scanning sources
INFO: [IP_Flow 19-234] Refreshing IP repositories
INFO: [IP_Flow 19-1700] Loaded user IP repository 'f:/MIGA/cores/basculeFF'.
INFO: [IP_Flow 19-1700] Loaded user IP repository 'f:/MIGA/cores/synchro'.
WARNING: [IP_Flow 19-3685] Ignored loading user repository 'f:/MIGA/ip_repo/myipmain_1.0'. The path is contained within another repository.
WARNING: [IP_Flow 19-3685] Ignored loading user repository 'f:/MIGA/ip_repo/myip_1.0'. The path is contained within another repository.
INFO: [IP_Flow 19-1700] Loaded user IP repository 'f:/MIGA/cores/comparator'.
INFO: [IP_Flow 19-1700] Loaded user IP repository 'f:/MIGA/tmp/cores'.
INFO: [IP_Flow 19-1700] Loaded user IP repository 'f:/MIGA/cores/numpot'.
INFO: [IP_Flow 19-1700] Loaded user IP repository 'f:/MIGA/ip_repo'.
INFO: [IP_Flow 19-2313] Loaded Vivado IP repository 'D:/Xilinx/Vivado/2019.2/data/ip'.
WARNING: [IP_Flow 19-1663] Duplicate IP found for 'xilinx.com:hls:lenet:1.0'. The one found in IP location 'f:/MIGA/cores/comparator/xilinx_com_hls_lenet_1_0' will take precedence over the same IP in location f:/MIGA/ip_repo/LeNet_wrapper/LeNet/solution1/impl/ip
WARNING: [IP_Flow 19-1663] Duplicate IP found for 'user.org:user:minmax:1.0'. The one found in IP location 'f:/MIGA/ip_repo/minmax' will take precedence over the same IP in location f:/MIGA/ip_repo/minmax_1
WARNING: [IP_Flow 19-1663] Duplicate IP found for 'user.org:user:mycomp:1.0'. The one found in IP location 'f:/MIGA/ip_repo/mycomp_1' will take precedence over the same IP in location f:/MIGA/ip_repo/mycomp
WARNING: [IP_Flow 19-395] Problem validating against XML schema: see 'spirit:order' : Invalid value format for this type
CRITICAL WARNING: [IP_Flow 19-182] Failed to load BOM file 'f:/MIGA/tmp/sdr_receiver.srcs/sources_1/bd/system/ip/system_pll_0_0/system_pll_0_0.xml'.
CRITICAL WARNING: [IP_Flow 19-183] Failed to load IP instance 'system_pll_0_0'.
CRITICAL WARNING: [IP_Flow 19-1835] Failed to recreate IP instance 'system_pll_0_0'. Error reading project file(s).
WARNING: [IP_Flow 19-395] Problem validating against XML schema: see 'spirit:order' : Invalid value format for this type
CRITICAL WARNING: [IP_Flow 19-182] Failed to load BOM file 'f:/MIGA/tmp/sdr_receiver.srcs/sources_1/bd/system/ip/system_blk_mem_gen_1_0/system_blk_mem_gen_1_0.xml'.
CRITICAL WARNING: [IP_Flow 19-183] Failed to load IP instance 'system_blk_mem_gen_1_0'.
CRITICAL WARNING: [IP_Flow 19-1835] Failed to recreate IP instance 'system_blk_mem_gen_1_0'. Error reading project file(s).
WARNING: [IP_Flow 19-395] Problem validating against XML schema: see 'spirit:order' : Invalid value format for this type
CRITICAL WARNING: [IP_Flow 19-182] Failed to load BOM file 'f:/MIGA/tmp/sdr_receiver.srcs/sources_1/bd/system/ip/system_ila_0_0/system_ila_0_0.xml'.
CRITICAL WARNING: [IP_Flow 19-183] Failed to load IP instance 'system_ila_0_0'.
CRITICAL WARNING: [IP_Flow 19-1835] Failed to recreate IP instance 'system_ila_0_0'. Error reading project file(s).
WARNING: [IP_Flow 19-395] Problem validating against XML schema: see 'spirit:order' : Invalid value format for this type
CRITICAL WARNING: [IP_Flow 19-182] Failed to load BOM file 'f:/MIGA/tmp/sdr_receiver.srcs/sources_1/bd/system/ip/system_pll_0_0_1/system_pll_0_0.xml'.
CRITICAL WARNING: [IP_Flow 19-183] Failed to load IP instance 'system_pll_0_0'.
CRITICAL WARNING: [IP_Flow 19-1835] Failed to recreate IP instance 'system_pll_0_0'. Error reading project file(s).
WARNING: [IP_Flow 19-395] Problem validating against XML schema: see 'spirit:order' : Invalid value format for this type
CRITICAL WARNING: [IP_Flow 19-182] Failed to load BOM file 'f:/MIGA/tmp/sdr_receiver.srcs/sources_1/bd/system/ip/system_ila_0_0_2/system_ila_0_0.xml'.
CRITICAL WARNING: [IP_Flow 19-183] Failed to load IP instance 'system_ila_0_0'.
CRITICAL WARNING: [IP_Flow 19-1835] Failed to recreate IP instance 'system_ila_0_0'. Error reading project file(s).
WARNING: [IP_Flow 19-395] Problem validating against XML schema: see 'spirit:order' : Invalid value format for this type
CRITICAL WARNING: [IP_Flow 19-182] Failed to load BOM file 'f:/MIGA/tmp/sdr_receiver.srcs/sources_1/bd/system/ip/system_blk_mem_gen_1_0_2/system_blk_mem_gen_1_0.xml'.
CRITICAL WARNING: [IP_Flow 19-183] Failed to load IP instance 'system_blk_mem_gen_1_0'.
CRITICAL WARNING: [IP_Flow 19-1835] Failed to recreate IP instance 'system_blk_mem_gen_1_0'. Error reading project file(s).
WARNING: [IP_Flow 19-395] Problem validating against XML schema: see 'spirit:order' : Invalid value format for this type
CRITICAL WARNING: [IP_Flow 19-182] Failed to load BOM file 'f:/MIGA/tmp/sdr_receiver.srcs/sources_1/bd/system/ip/system_ila_0_0_3/system_ila_0_0.xml'.
CRITICAL WARNING: [IP_Flow 19-183] Failed to load IP instance 'system_ila_0_0'.
CRITICAL WARNING: [IP_Flow 19-1835] Failed to recreate IP instance 'system_ila_0_0'. Error reading project file(s).
WARNING: [IP_Flow 19-395] Problem validating against XML schema: see 'spirit:order' : Invalid value format for this type
CRITICAL WARNING: [IP_Flow 19-182] Failed to load BOM file 'f:/MIGA/tmp/sdr_receiver.srcs/sources_1/bd/system/ip/system_ila_0_0_4/system_ila_0_0.xml'.
CRITICAL WARNING: [IP_Flow 19-183] Failed to load IP instance 'system_ila_0_0'.
CRITICAL WARNING: [IP_Flow 19-1835] Failed to recreate IP instance 'system_ila_0_0'. Error reading project file(s).
WARNING: [IP_Flow 19-395] Problem validating against XML schema: see 'spirit:order' : Invalid value format for this type
CRITICAL WARNING: [IP_Flow 19-182] Failed to load BOM file 'f:/MIGA/tmp/sdr_receiver.srcs/sources_1/bd/system/ip/system_pll_0_0_2/system_pll_0_0.xml'.
CRITICAL WARNING: [IP_Flow 19-183] Failed to load IP instance 'system_pll_0_0'.
CRITICAL WARNING: [IP_Flow 19-1835] Failed to recreate IP instance 'system_pll_0_0'. Error reading project file(s).
WARNING: [IP_Flow 19-395] Problem validating against XML schema: see 'spirit:order' : Invalid value format for this type
CRITICAL WARNING: [IP_Flow 19-182] Failed to load BOM file 'f:/MIGA/tmp/sdr_receiver.srcs/sources_1/bd/system/ip/system_ila_0_0_5/system_ila_0_0.xml'.
CRITICAL WARNING: [IP_Flow 19-183] Failed to load IP instance 'system_ila_0_0'.
CRITICAL WARNING: [IP_Flow 19-1835] Failed to recreate IP instance 'system_ila_0_0'. Error reading project file(s).
WARNING: [IP_Flow 19-395] Problem validating against XML schema: see 'spirit:order' : Invalid value format for this type
CRITICAL WARNING: [IP_Flow 19-182] Failed to load BOM file 'f:/MIGA/tmp/sdr_receiver.srcs/sources_1/bd/system/ip/system_blk_mem_gen_1_0_3/system_blk_mem_gen_1_0.xml'.
CRITICAL WARNING: [IP_Flow 19-183] Failed to load IP instance 'system_blk_mem_gen_1_0'.
CRITICAL WARNING: [IP_Flow 19-1835] Failed to recreate IP instance 'system_blk_mem_gen_1_0'. Error reading project file(s).
WARNING: [IP_Flow 19-395] Problem validating against XML schema: see 'spirit:order' : Invalid value format for this type
CRITICAL WARNING: [IP_Flow 19-182] Failed to load BOM file 'f:/MIGA/tmp/sdr_receiver.srcs/sources_1/bd/system/ip/system_ila_0_0_6/system_ila_0_0.xml'.
CRITICAL WARNING: [IP_Flow 19-183] Failed to load IP instance 'system_ila_0_0'.
CRITICAL WARNING: [IP_Flow 19-1835] Failed to recreate IP instance 'system_ila_0_0'. Error reading project file(s).
WARNING: [IP_Flow 19-395] Problem validating against XML schema: see 'spirit:order' : Invalid value format for this type
CRITICAL WARNING: [IP_Flow 19-182] Failed to load BOM file 'f:/MIGA/tmp/sdr_receiver.srcs/sources_1/bd/system/ip/system_pll_0_0_3/system_pll_0_0.xml'.
CRITICAL WARNING: [IP_Flow 19-183] Failed to load IP instance 'system_pll_0_0'.
CRITICAL WARNING: [IP_Flow 19-1835] Failed to recreate IP instance 'system_pll_0_0'. Error reading project file(s).
WARNING: [IP_Flow 19-395] Problem validating against XML schema: see 'spirit:order' : Invalid value format for this type
CRITICAL WARNING: [IP_Flow 19-182] Failed to load BOM file 'f:/MIGA/tmp/sdr_receiver.srcs/sources_1/bd/system/ip/system_ila_0_0_8/system_ila_0_0.xml'.
CRITICAL WARNING: [IP_Flow 19-183] Failed to load IP instance 'system_ila_0_0'.
CRITICAL WARNING: [IP_Flow 19-1835] Failed to recreate IP instance 'system_ila_0_0'. Error reading project file(s).
WARNING: [IP_Flow 19-395] Problem validating against XML schema: see 'spirit:order' : Invalid value format for this type
CRITICAL WARNING: [IP_Flow 19-182] Failed to load BOM file 'f:/MIGA/tmp/sdr_receiver.srcs/sources_1/bd/system/ip/system_blk_mem_gen_1_0_5/system_blk_mem_gen_1_0.xml'.
CRITICAL WARNING: [IP_Flow 19-183] Failed to load IP instance 'system_blk_mem_gen_1_0'.
CRITICAL WARNING: [IP_Flow 19-1835] Failed to recreate IP instance 'system_blk_mem_gen_1_0'. Error reading project file(s).
WARNING: [IP_Flow 19-395] Problem validating against XML schema: see 'spirit:order' : Invalid value format for this type
CRITICAL WARNING: [IP_Flow 19-182] Failed to load BOM file 'f:/MIGA/tmp/sdr_receiver.srcs/sources_1/bd/system/ip/system_pll_0_0_4/system_pll_0_0.xml'.
CRITICAL WARNING: [IP_Flow 19-183] Failed to load IP instance 'system_pll_0_0'.
CRITICAL WARNING: [IP_Flow 19-1835] Failed to recreate IP instance 'system_pll_0_0'. Error reading project file(s).
WARNING: [IP_Flow 19-395] Problem validating against XML schema: see 'spirit:order' : Invalid value format for this type
CRITICAL WARNING: [IP_Flow 19-182] Failed to load BOM file 'f:/MIGA/tmp/sdr_receiver.srcs/sources_1/bd/system/ip/system_ila_0_0_10/system_ila_0_0.xml'.
CRITICAL WARNING: [IP_Flow 19-183] Failed to load IP instance 'system_ila_0_0'.
CRITICAL WARNING: [IP_Flow 19-1835] Failed to recreate IP instance 'system_ila_0_0'. Error reading project file(s).
WARNING: [IP_Flow 19-395] Problem validating against XML schema: see 'spirit:order' : Invalid value format for this type
CRITICAL WARNING: [IP_Flow 19-182] Failed to load BOM file 'f:/MIGA/tmp/sdr_receiver.srcs/sources_1/bd/system/ip/system_blk_mem_gen_1_0_7/system_blk_mem_gen_1_0.xml'.
CRITICAL WARNING: [IP_Flow 19-183] Failed to load IP instance 'system_blk_mem_gen_1_0'.
CRITICAL WARNING: [IP_Flow 19-1835] Failed to recreate IP instance 'system_blk_mem_gen_1_0'. Error reading project file(s).
WARNING: [IP_Flow 19-395] Problem validating against XML schema: see 'spirit:order' : Invalid value format for this type
CRITICAL WARNING: [IP_Flow 19-182] Failed to load BOM file 'f:/MIGA/tmp/sdr_receiver.srcs/sources_1/bd/system/ip/system_ila_0_0_11/system_ila_0_0.xml'.
CRITICAL WARNING: [IP_Flow 19-183] Failed to load IP instance 'system_ila_0_0'.
CRITICAL WARNING: [IP_Flow 19-1835] Failed to recreate IP instance 'system_ila_0_0'. Error reading project file(s).
WARNING: [IP_Flow 19-395] Problem validating against XML schema: see 'spirit:order' : Invalid value format for this type
CRITICAL WARNING: [IP_Flow 19-182] Failed to load BOM file 'f:/MIGA/tmp/sdr_receiver.srcs/sources_1/bd/system/ip/system_blk_mem_gen_1_0_8/system_blk_mem_gen_1_0.xml'.
CRITICAL WARNING: [IP_Flow 19-183] Failed to load IP instance 'system_blk_mem_gen_1_0'.
CRITICAL WARNING: [IP_Flow 19-1835] Failed to recreate IP instance 'system_blk_mem_gen_1_0'. Error reading project file(s).
WARNING: [IP_Flow 19-395] Problem validating against XML schema: see 'spirit:order' : Invalid value format for this type
CRITICAL WARNING: [IP_Flow 19-182] Failed to load BOM file 'f:/MIGA/tmp/sdr_receiver.srcs/sources_1/bd/system/ip/system_pll_0_0_5/system_pll_0_0.xml'.
CRITICAL WARNING: [IP_Flow 19-183] Failed to load IP instance 'system_pll_0_0'.
CRITICAL WARNING: [IP_Flow 19-1835] Failed to recreate IP instance 'system_pll_0_0'. Error reading project file(s).
WARNING: [IP_Flow 19-395] Problem validating against XML schema: see 'spirit:order' : Invalid value format for this type
CRITICAL WARNING: [IP_Flow 19-182] Failed to load BOM file 'f:/MIGA/tmp/sdr_receiver.srcs/sources_1/bd/system/ip/system_ila_0_0_12/system_ila_0_0.xml'.
CRITICAL WARNING: [IP_Flow 19-183] Failed to load IP instance 'system_ila_0_0'.
CRITICAL WARNING: [IP_Flow 19-1835] Failed to recreate IP instance 'system_ila_0_0'. Error reading project file(s).
WARNING: [IP_Flow 19-395] Problem validating against XML schema: see 'spirit:order' : Invalid value format for this type
CRITICAL WARNING: [IP_Flow 19-182] Failed to load BOM file 'f:/MIGA/tmp/sdr_receiver.srcs/sources_1/bd/system/ip/system_blk_mem_gen_1_0_9/system_blk_mem_gen_1_0.xml'.
CRITICAL WARNING: [IP_Flow 19-183] Failed to load IP instance 'system_blk_mem_gen_1_0'.
CRITICAL WARNING: [IP_Flow 19-1835] Failed to recreate IP instance 'system_blk_mem_gen_1_0'. Error reading project file(s).
WARNING: [IP_Flow 19-395] Problem validating against XML schema: see 'spirit:order' : Invalid value format for this type
CRITICAL WARNING: [IP_Flow 19-182] Failed to load BOM file 'f:/MIGA/tmp/sdr_receiver.srcs/sources_1/bd/system/ip/system_ila_0_0_13/system_ila_0_0.xml'.
CRITICAL WARNING: [IP_Flow 19-183] Failed to load IP instance 'system_ila_0_0'.
CRITICAL WARNING: [IP_Flow 19-1835] Failed to recreate IP instance 'system_ila_0_0'. Error reading project file(s).
WARNING: [IP_Flow 19-395] Problem validating against XML schema: see 'spirit:order' : Invalid value format for this type
CRITICAL WARNING: [IP_Flow 19-182] Failed to load BOM file 'f:/MIGA/tmp/sdr_receiver.srcs/sources_1/bd/system/ip/system_pll_0_0_7/system_pll_0_0.xml'.
CRITICAL WARNING: [IP_Flow 19-183] Failed to load IP instance 'system_pll_0_0'.
CRITICAL WARNING: [IP_Flow 19-1835] Failed to recreate IP instance 'system_pll_0_0'. Error reading project file(s).
WARNING: [IP_Flow 19-395] Problem validating against XML schema: see 'spirit:order' : Invalid value format for this type
CRITICAL WARNING: [IP_Flow 19-182] Failed to load BOM file 'f:/MIGA/tmp/sdr_receiver.srcs/sources_1/bd/system/ip/system_ila_0_0_16/system_ila_0_0.xml'.
CRITICAL WARNING: [IP_Flow 19-183] Failed to load IP instance 'system_ila_0_0'.
CRITICAL WARNING: [IP_Flow 19-1835] Failed to recreate IP instance 'system_ila_0_0'. Error reading project file(s).
WARNING: [IP_Flow 19-395] Problem validating against XML schema: see 'spirit:order' : Invalid value format for this type
CRITICAL WARNING: [IP_Flow 19-182] Failed to load BOM file 'f:/MIGA/tmp/sdr_receiver.srcs/sources_1/bd/system/ip/system_blk_mem_gen_1_0_12/system_blk_mem_gen_1_0.xml'.
CRITICAL WARNING: [IP_Flow 19-183] Failed to load IP instance 'system_blk_mem_gen_1_0'.
CRITICAL WARNING: [IP_Flow 19-1835] Failed to recreate IP instance 'system_blk_mem_gen_1_0'. Error reading project file(s).
WARNING: [IP_Flow 19-395] Problem validating against XML schema: see 'spirit:order' : Invalid value format for this type
CRITICAL WARNING: [IP_Flow 19-182] Failed to load BOM file 'f:/MIGA/tmp/sdr_receiver.srcs/sources_1/bd/system/ip/system_pll_0_0_8/system_pll_0_0.xml'.
CRITICAL WARNING: [IP_Flow 19-183] Failed to load IP instance 'system_pll_0_0'.
CRITICAL WARNING: [IP_Flow 19-1835] Failed to recreate IP instance 'system_pll_0_0'. Error reading project file(s).
WARNING: [IP_Flow 19-395] Problem validating against XML schema: see 'spirit:order' : Invalid value format for this type
CRITICAL WARNING: [IP_Flow 19-182] Failed to load BOM file 'f:/MIGA/tmp/sdr_receiver.srcs/sources_1/bd/system/ip/system_ila_0_0_17/system_ila_0_0.xml'.
CRITICAL WARNING: [IP_Flow 19-183] Failed to load IP instance 'system_ila_0_0'.
CRITICAL WARNING: [IP_Flow 19-1835] Failed to recreate IP instance 'system_ila_0_0'. Error reading project file(s).
WARNING: [IP_Flow 19-395] Problem validating against XML schema: see 'spirit:order' : Invalid value format for this type
CRITICAL WARNING: [IP_Flow 19-182] Failed to load BOM file 'f:/MIGA/tmp/sdr_receiver.srcs/sources_1/bd/system/ip/system_blk_mem_gen_1_0_13/system_blk_mem_gen_1_0.xml'.
CRITICAL WARNING: [IP_Flow 19-183] Failed to load IP instance 'system_blk_mem_gen_1_0'.
CRITICAL WARNING: [IP_Flow 19-1835] Failed to recreate IP instance 'system_blk_mem_gen_1_0'. Error reading project file(s).
WARNING: [IP_Flow 19-395] Problem validating against XML schema: see 'spirit:order' : Invalid value format for this type
CRITICAL WARNING: [IP_Flow 19-182] Failed to load BOM file 'f:/MIGA/tmp/sdr_receiver.srcs/sources_1/bd/system/ip/system_ila_0_0_18/system_ila_0_0.xml'.
CRITICAL WARNING: [IP_Flow 19-183] Failed to load IP instance 'system_ila_0_0'.
CRITICAL WARNING: [IP_Flow 19-1835] Failed to recreate IP instance 'system_ila_0_0'. Error reading project file(s).
WARNING: [IP_Flow 19-395] Problem validating against XML schema: see 'spirit:order' : Invalid value format for this type
CRITICAL WARNING: [IP_Flow 19-182] Failed to load BOM file 'f:/MIGA/tmp/sdr_receiver.srcs/sources_1/bd/system/ip/system_pll_0_0_9/system_pll_0_0.xml'.
CRITICAL WARNING: [IP_Flow 19-183] Failed to load IP instance 'system_pll_0_0'.
CRITICAL WARNING: [IP_Flow 19-1835] Failed to recreate IP instance 'system_pll_0_0'. Error reading project file(s).
WARNING: [IP_Flow 19-395] Problem validating against XML schema: see 'spirit:order' : Invalid value format for this type
CRITICAL WARNING: [IP_Flow 19-182] Failed to load BOM file 'f:/MIGA/tmp/sdr_receiver.srcs/sources_1/bd/system/ip/system_ila_0_0_19/system_ila_0_0.xml'.
CRITICAL WARNING: [IP_Flow 19-183] Failed to load IP instance 'system_ila_0_0'.
CRITICAL WARNING: [IP_Flow 19-1835] Failed to recreate IP instance 'system_ila_0_0'. Error reading project file(s).
WARNING: [IP_Flow 19-395] Problem validating against XML schema: see 'spirit:order' : Invalid value format for this type
CRITICAL WARNING: [IP_Flow 19-182] Failed to load BOM file 'f:/MIGA/tmp/sdr_receiver.srcs/sources_1/bd/system/ip/system_blk_mem_gen_1_0_14/system_blk_mem_gen_1_0.xml'.
CRITICAL WARNING: [IP_Flow 19-183] Failed to load IP instance 'system_blk_mem_gen_1_0'.
CRITICAL WARNING: [IP_Flow 19-1835] Failed to recreate IP instance 'system_blk_mem_gen_1_0'. Error reading project file(s).
WARNING: [IP_Flow 19-395] Problem validating against XML schema: see 'spirit:order' : Invalid value format for this type
CRITICAL WARNING: [IP_Flow 19-182] Failed to load BOM file 'f:/MIGA/tmp/sdr_receiver.srcs/sources_1/bd/system/ip/system_ila_0_0_20/system_ila_0_0.xml'.
CRITICAL WARNING: [IP_Flow 19-183] Failed to load IP instance 'system_ila_0_0'.
CRITICAL WARNING: [IP_Flow 19-1835] Failed to recreate IP instance 'system_ila_0_0'. Error reading project file(s).
WARNING: [IP_Flow 19-395] Problem validating against XML schema: see 'spirit:order' : Invalid value format for this type
CRITICAL WARNING: [IP_Flow 19-182] Failed to load BOM file 'f:/MIGA/tmp/sdr_receiver.srcs/sources_1/bd/system/ip/system_pll_0_0_10/system_pll_0_0.xml'.
CRITICAL WARNING: [IP_Flow 19-183] Failed to load IP instance 'system_pll_0_0'.
CRITICAL WARNING: [IP_Flow 19-1835] Failed to recreate IP instance 'system_pll_0_0'. Error reading project file(s).
WARNING: [IP_Flow 19-395] Problem validating against XML schema: see 'spirit:order' : Invalid value format for this type
CRITICAL WARNING: [IP_Flow 19-182] Failed to load BOM file 'f:/MIGA/tmp/sdr_receiver.srcs/sources_1/bd/system/ip/system_ila_0_0_21/system_ila_0_0.xml'.
CRITICAL WARNING: [IP_Flow 19-183] Failed to load IP instance 'system_ila_0_0'.
CRITICAL WARNING: [IP_Flow 19-1835] Failed to recreate IP instance 'system_ila_0_0'. Error reading project file(s).
WARNING: [IP_Flow 19-395] Problem validating against XML schema: see 'spirit:order' : Invalid value format for this type
CRITICAL WARNING: [IP_Flow 19-182] Failed to load BOM file 'f:/MIGA/tmp/sdr_receiver.srcs/sources_1/bd/system/ip/system_blk_mem_gen_1_0_15/system_blk_mem_gen_1_0.xml'.
CRITICAL WARNING: [IP_Flow 19-183] Failed to load IP instance 'system_blk_mem_gen_1_0'.
CRITICAL WARNING: [IP_Flow 19-1835] Failed to recreate IP instance 'system_blk_mem_gen_1_0'. Error reading project file(s).
WARNING: [IP_Flow 19-395] Problem validating against XML schema: see 'spirit:order' : Invalid value format for this type
CRITICAL WARNING: [IP_Flow 19-182] Failed to load BOM file 'f:/MIGA/tmp/sdr_receiver.srcs/sources_1/bd/system/ip/system_pll_0_0_11/system_pll_0_0.xml'.
CRITICAL WARNING: [IP_Flow 19-183] Failed to load IP instance 'system_pll_0_0'.
CRITICAL WARNING: [IP_Flow 19-1835] Failed to recreate IP instance 'system_pll_0_0'. Error reading project file(s).
WARNING: [IP_Flow 19-395] Problem validating against XML schema: see 'spirit:order' : Invalid value format for this type
CRITICAL WARNING: [IP_Flow 19-182] Failed to load BOM file 'f:/MIGA/tmp/sdr_receiver.srcs/sources_1/bd/system/ip/system_ila_0_0_22/system_ila_0_0.xml'.
CRITICAL WARNING: [IP_Flow 19-183] Failed to load IP instance 'system_ila_0_0'.
CRITICAL WARNING: [IP_Flow 19-1835] Failed to recreate IP instance 'system_ila_0_0'. Error reading project file(s).
WARNING: [IP_Flow 19-395] Problem validating against XML schema: see 'spirit:order' : Invalid value format for this type
CRITICAL WARNING: [IP_Flow 19-182] Failed to load BOM file 'f:/MIGA/tmp/sdr_receiver.srcs/sources_1/bd/system/ip/system_blk_mem_gen_1_0_16/system_blk_mem_gen_1_0.xml'.
CRITICAL WARNING: [IP_Flow 19-183] Failed to load IP instance 'system_blk_mem_gen_1_0'.
CRITICAL WARNING: [IP_Flow 19-1835] Failed to recreate IP instance 'system_blk_mem_gen_1_0'. Error reading project file(s).
WARNING: [IP_Flow 19-395] Problem validating against XML schema: see 'spirit:order' : Invalid value format for this type
CRITICAL WARNING: [IP_Flow 19-182] Failed to load BOM file 'f:/MIGA/tmp/sdr_receiver.srcs/sources_1/bd/system/ip/system_pll_0_0_12/system_pll_0_0.xml'.
CRITICAL WARNING: [IP_Flow 19-183] Failed to load IP instance 'system_pll_0_0'.
CRITICAL WARNING: [IP_Flow 19-1835] Failed to recreate IP instance 'system_pll_0_0'. Error reading project file(s).
WARNING: [IP_Flow 19-395] Problem validating against XML schema: see 'spirit:order' : Invalid value format for this type
CRITICAL WARNING: [IP_Flow 19-182] Failed to load BOM file 'f:/MIGA/tmp/sdr_receiver.srcs/sources_1/bd/system/ip/system_ila_0_0_23/system_ila_0_0.xml'.
CRITICAL WARNING: [IP_Flow 19-183] Failed to load IP instance 'system_ila_0_0'.
CRITICAL WARNING: [IP_Flow 19-1835] Failed to recreate IP instance 'system_ila_0_0'. Error reading project file(s).
WARNING: [IP_Flow 19-395] Problem validating against XML schema: see 'spirit:order' : Invalid value format for this type
CRITICAL WARNING: [IP_Flow 19-182] Failed to load BOM file 'f:/MIGA/tmp/sdr_receiver.srcs/sources_1/bd/system/ip/system_blk_mem_gen_1_0_17/system_blk_mem_gen_1_0.xml'.
CRITICAL WARNING: [IP_Flow 19-183] Failed to load IP instance 'system_blk_mem_gen_1_0'.
CRITICAL WARNING: [IP_Flow 19-1835] Failed to recreate IP instance 'system_blk_mem_gen_1_0'. Error reading project file(s).
WARNING: [IP_Flow 19-395] Problem validating against XML schema: see 'spirit:order' : Invalid value format for this type
CRITICAL WARNING: [IP_Flow 19-182] Failed to load BOM file 'f:/MIGA/tmp/sdr_receiver.srcs/sources_1/bd/system/ip/system_ila_0_0_24/system_ila_0_0.xml'.
CRITICAL WARNING: [IP_Flow 19-183] Failed to load IP instance 'system_ila_0_0'.
CRITICAL WARNING: [IP_Flow 19-1835] Failed to recreate IP instance 'system_ila_0_0'. Error reading project file(s).
WARNING: [IP_Flow 19-395] Problem validating against XML schema: see 'spirit:order' : Invalid value format for this type
CRITICAL WARNING: [IP_Flow 19-182] Failed to load BOM file 'f:/MIGA/tmp/sdr_receiver.srcs/sources_1/bd/system/ip/system_pll_0_0_13/system_pll_0_0.xml'.
CRITICAL WARNING: [IP_Flow 19-183] Failed to load IP instance 'system_pll_0_0'.
CRITICAL WARNING: [IP_Flow 19-1835] Failed to recreate IP instance 'system_pll_0_0'. Error reading project file(s).
WARNING: [IP_Flow 19-395] Problem validating against XML schema: see 'spirit:order' : Invalid value format for this type
CRITICAL WARNING: [IP_Flow 19-182] Failed to load BOM file 'f:/MIGA/tmp/sdr_receiver.srcs/sources_1/bd/system/ip/system_ila_0_0_25/system_ila_0_0.xml'.
CRITICAL WARNING: [IP_Flow 19-183] Failed to load IP instance 'system_ila_0_0'.
CRITICAL WARNING: [IP_Flow 19-1835] Failed to recreate IP instance 'system_ila_0_0'. Error reading project file(s).
WARNING: [IP_Flow 19-395] Problem validating against XML schema: see 'spirit:order' : Invalid value format for this type
CRITICAL WARNING: [IP_Flow 19-182] Failed to load BOM file 'f:/MIGA/tmp/sdr_receiver.srcs/sources_1/bd/system/ip/system_blk_mem_gen_1_0_18/system_blk_mem_gen_1_0.xml'.
CRITICAL WARNING: [IP_Flow 19-183] Failed to load IP instance 'system_blk_mem_gen_1_0'.
CRITICAL WARNING: [IP_Flow 19-1835] Failed to recreate IP instance 'system_blk_mem_gen_1_0'. Error reading project file(s).
WARNING: [IP_Flow 19-395] Problem validating against XML schema: see 'spirit:order' : Invalid value format for this type
CRITICAL WARNING: [IP_Flow 19-182] Failed to load BOM file 'f:/MIGA/tmp/sdr_receiver.srcs/sources_1/bd/system/ip/system_pll_0_0_14/system_pll_0_0.xml'.
CRITICAL WARNING: [IP_Flow 19-183] Failed to load IP instance 'system_pll_0_0'.
CRITICAL WARNING: [IP_Flow 19-1835] Failed to recreate IP instance 'system_pll_0_0'. Error reading project file(s).
WARNING: [IP_Flow 19-395] Problem validating against XML schema: see 'spirit:order' : Invalid value format for this type
CRITICAL WARNING: [IP_Flow 19-182] Failed to load BOM file 'f:/MIGA/tmp/sdr_receiver.srcs/sources_1/bd/system/ip/system_ila_0_0_26/system_ila_0_0.xml'.
CRITICAL WARNING: [IP_Flow 19-183] Failed to load IP instance 'system_ila_0_0'.
CRITICAL WARNING: [IP_Flow 19-1835] Failed to recreate IP instance 'system_ila_0_0'. Error reading project file(s).
WARNING: [IP_Flow 19-395] Problem validating against XML schema: see 'spirit:order' : Invalid value format for this type
CRITICAL WARNING: [IP_Flow 19-182] Failed to load BOM file 'f:/MIGA/tmp/sdr_receiver.srcs/sources_1/bd/system/ip/system_blk_mem_gen_1_0_19/system_blk_mem_gen_1_0.xml'.
CRITICAL WARNING: [IP_Flow 19-183] Failed to load IP instance 'system_blk_mem_gen_1_0'.
CRITICAL WARNING: [IP_Flow 19-1835] Failed to recreate IP instance 'system_blk_mem_gen_1_0'. Error reading project file(s).
WARNING: [IP_Flow 19-395] Problem validating against XML schema: see 'spirit:order' : Invalid value format for this type
CRITICAL WARNING: [IP_Flow 19-182] Failed to load BOM file 'f:/MIGA/tmp/sdr_receiver.srcs/sources_1/bd/system/ip/system_pll_0_0_15/system_pll_0_0.xml'.
CRITICAL WARNING: [IP_Flow 19-183] Failed to load IP instance 'system_pll_0_0'.
CRITICAL WARNING: [IP_Flow 19-1835] Failed to recreate IP instance 'system_pll_0_0'. Error reading project file(s).
WARNING: [IP_Flow 19-395] Problem validating against XML schema: see 'spirit:order' : Invalid value format for this type
CRITICAL WARNING: [IP_Flow 19-182] Failed to load BOM file 'f:/MIGA/tmp/sdr_receiver.srcs/sources_1/bd/system/ip/system_ila_0_0_27/system_ila_0_0.xml'.
CRITICAL WARNING: [IP_Flow 19-183] Failed to load IP instance 'system_ila_0_0'.
CRITICAL WARNING: [IP_Flow 19-1835] Failed to recreate IP instance 'system_ila_0_0'. Error reading project file(s).
WARNING: [IP_Flow 19-395] Problem validating against XML schema: see 'spirit:order' : Invalid value format for this type
CRITICAL WARNING: [IP_Flow 19-182] Failed to load BOM file 'f:/MIGA/tmp/sdr_receiver.srcs/sources_1/bd/system/ip/system_blk_mem_gen_1_0_20/system_blk_mem_gen_1_0.xml'.
CRITICAL WARNING: [IP_Flow 19-183] Failed to load IP instance 'system_blk_mem_gen_1_0'.
CRITICAL WARNING: [IP_Flow 19-1835] Failed to recreate IP instance 'system_blk_mem_gen_1_0'. Error reading project file(s).
WARNING: [IP_Flow 19-395] Problem validating against XML schema: see 'spirit:order' : Invalid value format for this type
CRITICAL WARNING: [IP_Flow 19-182] Failed to load BOM file 'f:/MIGA/tmp/sdr_receiver.srcs/sources_1/bd/system/ip/system_ila_0_0_28/system_ila_0_0.xml'.
CRITICAL WARNING: [IP_Flow 19-183] Failed to load IP instance 'system_ila_0_0'.
CRITICAL WARNING: [IP_Flow 19-1835] Failed to recreate IP instance 'system_ila_0_0'. Error reading project file(s).
WARNING: [IP_Flow 19-395] Problem validating against XML schema: see 'spirit:order' : Invalid value format for this type
CRITICAL WARNING: [IP_Flow 19-182] Failed to load BOM file 'f:/MIGA/tmp/sdr_receiver.srcs/sources_1/bd/system/ip/system_pll_0_0_16/system_pll_0_0.xml'.
CRITICAL WARNING: [IP_Flow 19-183] Failed to load IP instance 'system_pll_0_0'.
CRITICAL WARNING: [IP_Flow 19-1835] Failed to recreate IP instance 'system_pll_0_0'. Error reading project file(s).
WARNING: [IP_Flow 19-395] Problem validating against XML schema: see 'spirit:order' : Invalid value format for this type
CRITICAL WARNING: [IP_Flow 19-182] Failed to load BOM file 'f:/MIGA/tmp/sdr_receiver.srcs/sources_1/bd/system/ip/system_ila_0_0_29/system_ila_0_0.xml'.
CRITICAL WARNING: [IP_Flow 19-183] Failed to load IP instance 'system_ila_0_0'.
CRITICAL WARNING: [IP_Flow 19-1835] Failed to recreate IP instance 'system_ila_0_0'. Error reading project file(s).
WARNING: [IP_Flow 19-395] Problem validating against XML schema: see 'spirit:order' : Invalid value format for this type
CRITICAL WARNING: [IP_Flow 19-182] Failed to load BOM file 'f:/MIGA/tmp/sdr_receiver.srcs/sources_1/bd/system/ip/system_blk_mem_gen_1_0_21/system_blk_mem_gen_1_0.xml'.
CRITICAL WARNING: [IP_Flow 19-183] Failed to load IP instance 'system_blk_mem_gen_1_0'.
CRITICAL WARNING: [IP_Flow 19-1835] Failed to recreate IP instance 'system_blk_mem_gen_1_0'. Error reading project file(s).
WARNING: [IP_Flow 19-395] Problem validating against XML schema: see 'spirit:order' : Invalid value format for this type
CRITICAL WARNING: [IP_Flow 19-182] Failed to load BOM file 'f:/MIGA/tmp/sdr_receiver.srcs/sources_1/bd/system/ip/system_pll_0_0_17/system_pll_0_0.xml'.
CRITICAL WARNING: [IP_Flow 19-183] Failed to load IP instance 'system_pll_0_0'.
CRITICAL WARNING: [IP_Flow 19-1835] Failed to recreate IP instance 'system_pll_0_0'. Error reading project file(s).
WARNING: [IP_Flow 19-395] Problem validating against XML schema: see 'spirit:order' : Invalid value format for this type
CRITICAL WARNING: [IP_Flow 19-182] Failed to load BOM file 'f:/MIGA/tmp/sdr_receiver.srcs/sources_1/bd/system/ip/system_ila_0_0_30/system_ila_0_0.xml'.
CRITICAL WARNING: [IP_Flow 19-183] Failed to load IP instance 'system_ila_0_0'.
CRITICAL WARNING: [IP_Flow 19-1835] Failed to recreate IP instance 'system_ila_0_0'. Error reading project file(s).
WARNING: [IP_Flow 19-395] Problem validating against XML schema: see 'spirit:order' : Invalid value format for this type
CRITICAL WARNING: [IP_Flow 19-182] Failed to load BOM file 'f:/MIGA/tmp/sdr_receiver.srcs/sources_1/bd/system/ip/system_blk_mem_gen_1_0_22/system_blk_mem_gen_1_0.xml'.
CRITICAL WARNING: [IP_Flow 19-183] Failed to load IP instance 'system_blk_mem_gen_1_0'.
CRITICAL WARNING: [IP_Flow 19-1835] Failed to recreate IP instance 'system_blk_mem_gen_1_0'. Error reading project file(s).
WARNING: [IP_Flow 19-395] Problem validating against XML schema: see 'spirit:order' : Invalid value format for this type
CRITICAL WARNING: [IP_Flow 19-182] Failed to load BOM file 'f:/MIGA/tmp/sdr_receiver.srcs/sources_1/bd/system/ip/system_pll_0_0_18/system_pll_0_0.xml'.
CRITICAL WARNING: [IP_Flow 19-183] Failed to load IP instance 'system_pll_0_0'.
CRITICAL WARNING: [IP_Flow 19-1835] Failed to recreate IP instance 'system_pll_0_0'. Error reading project file(s).
WARNING: [IP_Flow 19-395] Problem validating against XML schema: see 'spirit:order' : Invalid value format for this type
CRITICAL WARNING: [IP_Flow 19-182] Failed to load BOM file 'f:/MIGA/tmp/sdr_receiver.srcs/sources_1/bd/system/ip/system_ila_0_0_31/system_ila_0_0.xml'.
CRITICAL WARNING: [IP_Flow 19-183] Failed to load IP instance 'system_ila_0_0'.
CRITICAL WARNING: [IP_Flow 19-1835] Failed to recreate IP instance 'system_ila_0_0'. Error reading project file(s).
WARNING: [IP_Flow 19-395] Problem validating against XML schema: see 'spirit:order' : Invalid value format for this type
CRITICAL WARNING: [IP_Flow 19-182] Failed to load BOM file 'f:/MIGA/tmp/sdr_receiver.srcs/sources_1/bd/system/ip/system_blk_mem_gen_1_0_23/system_blk_mem_gen_1_0.xml'.
CRITICAL WARNING: [IP_Flow 19-183] Failed to load IP instance 'system_blk_mem_gen_1_0'.
CRITICAL WARNING: [IP_Flow 19-1835] Failed to recreate IP instance 'system_blk_mem_gen_1_0'. Error reading project file(s).
WARNING: [IP_Flow 19-395] Problem validating against XML schema: see 'spirit:order' : Invalid value format for this type
CRITICAL WARNING: [IP_Flow 19-182] Failed to load BOM file 'f:/MIGA/tmp/sdr_receiver.srcs/sources_1/bd/system/ip/system_ila_0_0_32/system_ila_0_0.xml'.
CRITICAL WARNING: [IP_Flow 19-183] Failed to load IP instance 'system_ila_0_0'.
CRITICAL WARNING: [IP_Flow 19-1835] Failed to recreate IP instance 'system_ila_0_0'. Error reading project file(s).
WARNING: [IP_Flow 19-395] Problem validating against XML schema: see 'spirit:order' : Invalid value format for this type
CRITICAL WARNING: [IP_Flow 19-182] Failed to load BOM file 'f:/MIGA/tmp/sdr_receiver.srcs/sources_1/bd/system/ip/system_pll_0_0_19/system_pll_0_0.xml'.
CRITICAL WARNING: [IP_Flow 19-183] Failed to load IP instance 'system_pll_0_0'.
CRITICAL WARNING: [IP_Flow 19-1835] Failed to recreate IP instance 'system_pll_0_0'. Error reading project file(s).
WARNING: [IP_Flow 19-395] Problem validating against XML schema: see 'spirit:order' : Invalid value format for this type
CRITICAL WARNING: [IP_Flow 19-182] Failed to load BOM file 'f:/MIGA/tmp/sdr_receiver.srcs/sources_1/bd/system/ip/system_ila_0_0_33/system_ila_0_0.xml'.
CRITICAL WARNING: [IP_Flow 19-183] Failed to load IP instance 'system_ila_0_0'.
CRITICAL WARNING: [IP_Flow 19-1835] Failed to recreate IP instance 'system_ila_0_0'. Error reading project file(s).
WARNING: [IP_Flow 19-395] Problem validating against XML schema: see 'spirit:order' : Invalid value format for this type
CRITICAL WARNING: [IP_Flow 19-182] Failed to load BOM file 'f:/MIGA/tmp/sdr_receiver.srcs/sources_1/bd/system/ip/system_blk_mem_gen_1_0_24/system_blk_mem_gen_1_0.xml'.
CRITICAL WARNING: [IP_Flow 19-183] Failed to load IP instance 'system_blk_mem_gen_1_0'.
CRITICAL WARNING: [IP_Flow 19-1835] Failed to recreate IP instance 'system_blk_mem_gen_1_0'. Error reading project file(s).
WARNING: [IP_Flow 19-395] Problem validating against XML schema: see 'spirit:order' : Invalid value format for this type
CRITICAL WARNING: [IP_Flow 19-182] Failed to load BOM file 'f:/MIGA/tmp/sdr_receiver.srcs/sources_1/bd/system/ip/system_pll_0_0_20/system_pll_0_0.xml'.
CRITICAL WARNING: [IP_Flow 19-183] Failed to load IP instance 'system_pll_0_0'.
CRITICAL WARNING: [IP_Flow 19-1835] Failed to recreate IP instance 'system_pll_0_0'. Error reading project file(s).
WARNING: [IP_Flow 19-395] Problem validating against XML schema: see 'spirit:order' : Invalid value format for this type
CRITICAL WARNING: [IP_Flow 19-182] Failed to load BOM file 'f:/MIGA/tmp/sdr_receiver.srcs/sources_1/bd/system/ip/system_ila_0_0_34/system_ila_0_0.xml'.
CRITICAL WARNING: [IP_Flow 19-183] Failed to load IP instance 'system_ila_0_0'.
CRITICAL WARNING: [IP_Flow 19-1835] Failed to recreate IP instance 'system_ila_0_0'. Error reading project file(s).
WARNING: [IP_Flow 19-395] Problem validating against XML schema: see 'spirit:order' : Invalid value format for this type
CRITICAL WARNING: [IP_Flow 19-182] Failed to load BOM file 'f:/MIGA/tmp/sdr_receiver.srcs/sources_1/bd/system/ip/system_blk_mem_gen_1_0_25/system_blk_mem_gen_1_0.xml'.
CRITICAL WARNING: [IP_Flow 19-183] Failed to load IP instance 'system_blk_mem_gen_1_0'.
CRITICAL WARNING: [IP_Flow 19-1835] Failed to recreate IP instance 'system_blk_mem_gen_1_0'. Error reading project file(s).
WARNING: [IP_Flow 19-395] Problem validating against XML schema: see 'spirit:order' : Invalid value format for this type
CRITICAL WARNING: [IP_Flow 19-182] Failed to load BOM file 'f:/MIGA/tmp/sdr_receiver.srcs/sources_1/bd/system/ip/system_pll_0_0_21/system_pll_0_0.xml'.
CRITICAL WARNING: [IP_Flow 19-183] Failed to load IP instance 'system_pll_0_0'.
CRITICAL WARNING: [IP_Flow 19-1835] Failed to recreate IP instance 'system_pll_0_0'. Error reading project file(s).
WARNING: [IP_Flow 19-395] Problem validating against XML schema: see 'spirit:order' : Invalid value format for this type
CRITICAL WARNING: [IP_Flow 19-182] Failed to load BOM file 'f:/MIGA/tmp/sdr_receiver.srcs/sources_1/bd/system/ip/system_ila_0_0_35/system_ila_0_0.xml'.
CRITICAL WARNING: [IP_Flow 19-183] Failed to load IP instance 'system_ila_0_0'.
CRITICAL WARNING: [IP_Flow 19-1835] Failed to recreate IP instance 'system_ila_0_0'. Error reading project file(s).
WARNING: [IP_Flow 19-395] Problem validating against XML schema: see 'spirit:order' : Invalid value format for this type
CRITICAL WARNING: [IP_Flow 19-182] Failed to load BOM file 'f:/MIGA/tmp/sdr_receiver.srcs/sources_1/bd/system/ip/system_blk_mem_gen_1_0_26/system_blk_mem_gen_1_0.xml'.
CRITICAL WARNING: [IP_Flow 19-183] Failed to load IP instance 'system_blk_mem_gen_1_0'.
CRITICAL WARNING: [IP_Flow 19-1835] Failed to recreate IP instance 'system_blk_mem_gen_1_0'. Error reading project file(s).
WARNING: [IP_Flow 19-395] Problem validating against XML schema: see 'spirit:order' : Invalid value format for this type
CRITICAL WARNING: [IP_Flow 19-182] Failed to load BOM file 'f:/MIGA/tmp/sdr_receiver.srcs/sources_1/bd/system/ip/system_pll_0_0_22/system_pll_0_0.xml'.
CRITICAL WARNING: [IP_Flow 19-183] Failed to load IP instance 'system_pll_0_0'.
CRITICAL WARNING: [IP_Flow 19-1835] Failed to recreate IP instance 'system_pll_0_0'. Error reading project file(s).
WARNING: [IP_Flow 19-395] Problem validating against XML schema: see 'spirit:order' : Invalid value format for this type
CRITICAL WARNING: [IP_Flow 19-182] Failed to load BOM file 'f:/MIGA/tmp/sdr_receiver.srcs/sources_1/bd/system/ip/system_ila_0_0_36/system_ila_0_0.xml'.
CRITICAL WARNING: [IP_Flow 19-183] Failed to load IP instance 'system_ila_0_0'.
CRITICAL WARNING: [IP_Flow 19-1835] Failed to recreate IP instance 'system_ila_0_0'. Error reading project file(s).
WARNING: [IP_Flow 19-395] Problem validating against XML schema: see 'spirit:order' : Invalid value format for this type
CRITICAL WARNING: [IP_Flow 19-182] Failed to load BOM file 'f:/MIGA/tmp/sdr_receiver.srcs/sources_1/bd/system/ip/system_blk_mem_gen_1_0_27/system_blk_mem_gen_1_0.xml'.
CRITICAL WARNING: [IP_Flow 19-183] Failed to load IP instance 'system_blk_mem_gen_1_0'.
CRITICAL WARNING: [IP_Flow 19-1835] Failed to recreate IP instance 'system_blk_mem_gen_1_0'. Error reading project file(s).
WARNING: [IP_Flow 19-395] Problem validating against XML schema: see 'spirit:order' : Invalid value format for this type
CRITICAL WARNING: [IP_Flow 19-182] Failed to load BOM file 'f:/MIGA/tmp/sdr_receiver.srcs/sources_1/bd/system/ip/system_pll_0_0_23/system_pll_0_0.xml'.
CRITICAL WARNING: [IP_Flow 19-183] Failed to load IP instance 'system_pll_0_0'.
CRITICAL WARNING: [IP_Flow 19-1835] Failed to recreate IP instance 'system_pll_0_0'. Error reading project file(s).
WARNING: [IP_Flow 19-395] Problem validating against XML schema: see 'spirit:order' : Invalid value format for this type
CRITICAL WARNING: [IP_Flow 19-182] Failed to load BOM file 'f:/MIGA/tmp/sdr_receiver.srcs/sources_1/bd/system/ip/system_ila_0_0_37/system_ila_0_0.xml'.
CRITICAL WARNING: [IP_Flow 19-183] Failed to load IP instance 'system_ila_0_0'.
CRITICAL WARNING: [IP_Flow 19-1835] Failed to recreate IP instance 'system_ila_0_0'. Error reading project file(s).
WARNING: [IP_Flow 19-395] Problem validating against XML schema: see 'spirit:order' : Invalid value format for this type
CRITICAL WARNING: [IP_Flow 19-182] Failed to load BOM file 'f:/MIGA/tmp/sdr_receiver.srcs/sources_1/bd/system/ip/system_blk_mem_gen_1_0_28/system_blk_mem_gen_1_0.xml'.
CRITICAL WARNING: [IP_Flow 19-183] Failed to load IP instance 'system_blk_mem_gen_1_0'.
CRITICAL WARNING: [IP_Flow 19-1835] Failed to recreate IP instance 'system_blk_mem_gen_1_0'. Error reading project file(s).
WARNING: [IP_Flow 19-395] Problem validating against XML schema: see 'spirit:order' : Invalid value format for this type
CRITICAL WARNING: [IP_Flow 19-182] Failed to load BOM file 'f:/MIGA/tmp/sdr_receiver.srcs/sources_1/bd/system/ip/system_pll_0_0_24/system_pll_0_0.xml'.
CRITICAL WARNING: [IP_Flow 19-183] Failed to load IP instance 'system_pll_0_0'.
CRITICAL WARNING: [IP_Flow 19-1835] Failed to recreate IP instance 'system_pll_0_0'. Error reading project file(s).
WARNING: [IP_Flow 19-395] Problem validating against XML schema: see 'spirit:order' : Invalid value format for this type
CRITICAL WARNING: [IP_Flow 19-182] Failed to load BOM file 'f:/MIGA/tmp/sdr_receiver.srcs/sources_1/bd/system/ip/system_ila_0_0_38/system_ila_0_0.xml'.
CRITICAL WARNING: [IP_Flow 19-183] Failed to load IP instance 'system_ila_0_0'.
CRITICAL WARNING: [IP_Flow 19-1835] Failed to recreate IP instance 'system_ila_0_0'. Error reading project file(s).
WARNING: [IP_Flow 19-395] Problem validating against XML schema: see 'spirit:order' : Invalid value format for this type
CRITICAL WARNING: [IP_Flow 19-182] Failed to load BOM file 'f:/MIGA/tmp/sdr_receiver.srcs/sources_1/bd/system/ip/system_blk_mem_gen_1_0_29/system_blk_mem_gen_1_0.xml'.
CRITICAL WARNING: [IP_Flow 19-183] Failed to load IP instance 'system_blk_mem_gen_1_0'.
CRITICAL WARNING: [IP_Flow 19-1835] Failed to recreate IP instance 'system_blk_mem_gen_1_0'. Error reading project file(s).
WARNING: [IP_Flow 19-395] Problem validating against XML schema: see 'spirit:order' : Invalid value format for this type
CRITICAL WARNING: [IP_Flow 19-182] Failed to load BOM file 'f:/MIGA/tmp/sdr_receiver.srcs/sources_1/bd/system/ip/system_pll_0_0_25/system_pll_0_0.xml'.
CRITICAL WARNING: [IP_Flow 19-183] Failed to load IP instance 'system_pll_0_0'.
CRITICAL WARNING: [IP_Flow 19-1835] Failed to recreate IP instance 'system_pll_0_0'. Error reading project file(s).
WARNING: [IP_Flow 19-395] Problem validating against XML schema: see 'spirit:order' : Invalid value format for this type
CRITICAL WARNING: [IP_Flow 19-182] Failed to load BOM file 'f:/MIGA/tmp/sdr_receiver.srcs/sources_1/bd/system/ip/system_ila_0_0_39/system_ila_0_0.xml'.
CRITICAL WARNING: [IP_Flow 19-183] Failed to load IP instance 'system_ila_0_0'.
CRITICAL WARNING: [IP_Flow 19-1835] Failed to recreate IP instance 'system_ila_0_0'. Error reading project file(s).
WARNING: [IP_Flow 19-395] Problem validating against XML schema: see 'spirit:order' : Invalid value format for this type
CRITICAL WARNING: [IP_Flow 19-182] Failed to load BOM file 'f:/MIGA/tmp/sdr_receiver.srcs/sources_1/bd/system/ip/system_blk_mem_gen_1_0_30/system_blk_mem_gen_1_0.xml'.
CRITICAL WARNING: [IP_Flow 19-183] Failed to load IP instance 'system_blk_mem_gen_1_0'.
CRITICAL WARNING: [IP_Flow 19-1835] Failed to recreate IP instance 'system_blk_mem_gen_1_0'. Error reading project file(s).
WARNING: [IP_Flow 19-395] Problem validating against XML schema: see 'spirit:order' : Invalid value format for this type
CRITICAL WARNING: [IP_Flow 19-182] Failed to load BOM file 'f:/MIGA/tmp/sdr_receiver.srcs/sources_1/bd/system/ip/system_pll_0_0_26/system_pll_0_0.xml'.
CRITICAL WARNING: [IP_Flow 19-183] Failed to load IP instance 'system_pll_0_0'.
CRITICAL WARNING: [IP_Flow 19-1835] Failed to recreate IP instance 'system_pll_0_0'. Error reading project file(s).
WARNING: [IP_Flow 19-395] Problem validating against XML schema: see 'spirit:typeName' : Unable to read element value
CRITICAL WARNING: [IP_Flow 19-182] Failed to load BOM file 'f:/MIGA/tmp/sdr_receiver.srcs/sources_1/bd/system/ip/system_ila_0_0_40/system_ila_0_0.xml'.
CRITICAL WARNING: [IP_Flow 19-183] Failed to load IP instance 'system_ila_0_0'.
CRITICAL WARNING: [IP_Flow 19-1835] Failed to recreate IP instance 'system_ila_0_0'. Error reading project file(s).
WARNING: [IP_Flow 19-395] Problem validating against XML schema: see 'spirit:order' : Invalid value format for this type
CRITICAL WARNING: [IP_Flow 19-182] Failed to load BOM file 'f:/MIGA/tmp/sdr_receiver.srcs/sources_1/bd/system/ip/system_blk_mem_gen_1_0_31/system_blk_mem_gen_1_0.xml'.
CRITICAL WARNING: [IP_Flow 19-183] Failed to load IP instance 'system_blk_mem_gen_1_0'.
CRITICAL WARNING: [IP_Flow 19-1835] Failed to recreate IP instance 'system_blk_mem_gen_1_0'. Error reading project file(s).
WARNING: [IP_Flow 19-395] Problem validating against XML schema: see 'spirit:order' : Invalid value format for this type
CRITICAL WARNING: [IP_Flow 19-182] Failed to load BOM file 'f:/MIGA/tmp/sdr_receiver.srcs/sources_1/bd/system/ip/system_pll_0_0_27/system_pll_0_0.xml'.
CRITICAL WARNING: [IP_Flow 19-183] Failed to load IP instance 'system_pll_0_0'.
CRITICAL WARNING: [IP_Flow 19-1835] Failed to recreate IP instance 'system_pll_0_0'. Error reading project file(s).
WARNING: [IP_Flow 19-395] Problem validating against XML schema: see 'spirit:order' : Invalid value format for this type
CRITICAL WARNING: [IP_Flow 19-182] Failed to load BOM file 'f:/MIGA/tmp/sdr_receiver.srcs/sources_1/bd/system/ip/system_ila_0_0_41/system_ila_0_0.xml'.
CRITICAL WARNING: [IP_Flow 19-183] Failed to load IP instance 'system_ila_0_0'.
CRITICAL WARNING: [IP_Flow 19-1835] Failed to recreate IP instance 'system_ila_0_0'. Error reading project file(s).
WARNING: [IP_Flow 19-395] Problem validating against XML schema: see 'spirit:order' : Invalid value format for this type
CRITICAL WARNING: [IP_Flow 19-182] Failed to load BOM file 'f:/MIGA/tmp/sdr_receiver.srcs/sources_1/bd/system/ip/system_blk_mem_gen_1_0_32/system_blk_mem_gen_1_0.xml'.
CRITICAL WARNING: [IP_Flow 19-183] Failed to load IP instance 'system_blk_mem_gen_1_0'.
CRITICAL WARNING: [IP_Flow 19-1835] Failed to recreate IP instance 'system_blk_mem_gen_1_0'. Error reading project file(s).
WARNING: [IP_Flow 19-395] Problem validating against XML schema: see 'spirit:order' : Invalid value format for this type
CRITICAL WARNING: [IP_Flow 19-182] Failed to load BOM file 'f:/MIGA/tmp/sdr_receiver.srcs/sources_1/bd/system/ip/system_pll_0_0_28/system_pll_0_0.xml'.
CRITICAL WARNING: [IP_Flow 19-183] Failed to load IP instance 'system_pll_0_0'.
CRITICAL WARNING: [IP_Flow 19-1835] Failed to recreate IP instance 'system_pll_0_0'. Error reading project file(s).
WARNING: [IP_Flow 19-395] Problem validating against XML schema: see 'spirit:order' : Invalid value format for this type
CRITICAL WARNING: [IP_Flow 19-182] Failed to load BOM file 'f:/MIGA/tmp/sdr_receiver.srcs/sources_1/bd/system/ip/system_ila_0_0_42/system_ila_0_0.xml'.
CRITICAL WARNING: [IP_Flow 19-183] Failed to load IP instance 'system_ila_0_0'.
CRITICAL WARNING: [IP_Flow 19-1835] Failed to recreate IP instance 'system_ila_0_0'. Error reading project file(s).
WARNING: [IP_Flow 19-395] Problem validating against XML schema: see 'spirit:order' : Invalid value format for this type
CRITICAL WARNING: [IP_Flow 19-182] Failed to load BOM file 'f:/MIGA/tmp/sdr_receiver.srcs/sources_1/bd/system/ip/system_blk_mem_gen_1_0_33/system_blk_mem_gen_1_0.xml'.
CRITICAL WARNING: [IP_Flow 19-183] Failed to load IP instance 'system_blk_mem_gen_1_0'.
CRITICAL WARNING: [IP_Flow 19-1835] Failed to recreate IP instance 'system_blk_mem_gen_1_0'. Error reading project file(s).
WARNING: [IP_Flow 19-395] Problem validating against XML schema: see 'spirit:order' : Invalid value format for this type
CRITICAL WARNING: [IP_Flow 19-182] Failed to load BOM file 'f:/MIGA/tmp/sdr_receiver.srcs/sources_1/bd/system/ip/system_pll_0_0_29/system_pll_0_0.xml'.
CRITICAL WARNING: [IP_Flow 19-183] Failed to load IP instance 'system_pll_0_0'.
CRITICAL WARNING: [IP_Flow 19-1835] Failed to recreate IP instance 'system_pll_0_0'. Error reading project file(s).
WARNING: [IP_Flow 19-395] Problem validating against XML schema: see 'spirit:order' : Invalid value format for this type
CRITICAL WARNING: [IP_Flow 19-182] Failed to load BOM file 'f:/MIGA/tmp/sdr_receiver.srcs/sources_1/bd/system/ip/system_ila_0_0_43/system_ila_0_0.xml'.
CRITICAL WARNING: [IP_Flow 19-183] Failed to load IP instance 'system_ila_0_0'.
CRITICAL WARNING: [IP_Flow 19-1835] Failed to recreate IP instance 'system_ila_0_0'. Error reading project file(s).
WARNING: [IP_Flow 19-395] Problem validating against XML schema: see 'spirit:order' : Invalid value format for this type
CRITICAL WARNING: [IP_Flow 19-182] Failed to load BOM file 'f:/MIGA/tmp/sdr_receiver.srcs/sources_1/bd/system/ip/system_blk_mem_gen_1_0_34/system_blk_mem_gen_1_0.xml'.
CRITICAL WARNING: [IP_Flow 19-183] Failed to load IP instance 'system_blk_mem_gen_1_0'.
CRITICAL WARNING: [IP_Flow 19-1835] Failed to recreate IP instance 'system_blk_mem_gen_1_0'. Error reading project file(s).
WARNING: [IP_Flow 19-395] Problem validating against XML schema: see 'spirit:order' : Invalid value format for this type
CRITICAL WARNING: [IP_Flow 19-182] Failed to load BOM file 'f:/MIGA/tmp/sdr_receiver.srcs/sources_1/bd/system/ip/system_pll_0_0_30/system_pll_0_0.xml'.
CRITICAL WARNING: [IP_Flow 19-183] Failed to load IP instance 'system_pll_0_0'.
CRITICAL WARNING: [IP_Flow 19-1835] Failed to recreate IP instance 'system_pll_0_0'. Error reading project file(s).
WARNING: [IP_Flow 19-395] Problem validating against XML schema: see 'spirit:order' : Invalid value format for this type
INFO: [Common 17-14] Message 'IP_Flow 19-395' appears 100 times and further instances of the messages will be disabled. Use the Tcl command set_msg_config to change the current settings.
CRITICAL WARNING: [IP_Flow 19-182] Failed to load BOM file 'f:/MIGA/tmp/sdr_receiver.srcs/sources_1/bd/system/ip/system_ila_0_0_44/system_ila_0_0.xml'.
INFO: [Common 17-14] Message 'IP_Flow 19-182' appears 100 times and further instances of the messages will be disabled. Use the Tcl command set_msg_config to change the current settings.
CRITICAL WARNING: [IP_Flow 19-183] Failed to load IP instance 'system_ila_0_0'.
INFO: [Common 17-14] Message 'IP_Flow 19-183' appears 100 times and further instances of the messages will be disabled. Use the Tcl command set_msg_config to change the current settings.
CRITICAL WARNING: [IP_Flow 19-1835] Failed to recreate IP instance 'system_ila_0_0'. Error reading project file(s).
INFO: [Common 17-14] Message 'IP_Flow 19-1835' appears 100 times and further instances of the messages will be disabled. Use the Tcl command set_msg_config to change the current settings.
open_project: Time (s): cpu = 00:01:37 ; elapsed = 00:02:55 . Memory (MB): peak = 811.914 ; gain = 189.859
open_bd_design {F:/MIGA/tmp/sdr_receiver.srcs/sources_1/bd/system/system.bd}
Adding component instance block -- pavel-demin:user:axi_cfg_register:1.0 - cfg_0
Adding component instance block -- pavel-demin:user:axi_sts_register:1.0 - axi_sts_register_0
Adding component instance block -- xilinx.com:ip:processing_system7:5.5 - ps_0
WARNING: [BD 41-176] The physical port 'M_AXI_GP0_aximm_wr_socket' specified in the portmap, is not found on the block! 
WARNING: [BD 41-176] The physical port 'M_AXI_GP0_aximm_rd_socket' specified in the portmap, is not found on the block! 
Adding component instance block -- xilinx.com:ip:clk_wiz:6.0 - pll_0
Adding component instance block -- xilinx.com:ip:axi_interconnect:2.1 - ps_0_axi_periph
Adding component instance block -- xilinx.com:ip:axi_crossbar:2.1 - xbar
Adding component instance block -- xilinx.com:ip:axi_protocol_converter:2.1 - auto_pc
Adding component instance block -- xilinx.com:ip:axi_protocol_converter:2.1 - auto_pc
Adding component instance block -- xilinx.com:ip:axi_protocol_converter:2.1 - auto_pc
Adding component instance block -- xilinx.com:ip:axi_protocol_converter:2.1 - auto_pc
Adding component instance block -- xilinx.com:ip:proc_sys_reset:5.0 - rst_0
Adding component instance block -- xilinx.com:ip:ila:6.2 - ila_0
INFO: [xilinx.com:ip:ila:6.2-6] /ila_0: Xilinx recommends using the System ILA IP in IP Integrator. The System ILA IP is functionally equivalent to an ILA and offers additional benefits in debugging interfaces both within IP Integrator and the Hardware Manager. Consult the Programming and Debug User Guide UG908 for further details.
Adding component instance block -- xilinx.com:ip:xlconcat:2.1 - xlconcat_0
Adding component instance block -- xilinx.com:ip:xlslice:1.0 - soft
Adding component instance block -- xilinx.com:ip:xlslice:1.0 - ttl
Adding component instance block -- xilinx.com:ip:xlslice:1.0 - raz
Adding component instance block -- xilinx.com:ip:xlslice:1.0 - qspi
Adding component instance block -- xilinx.com:ip:c_addsub:12.0 - c_addsub_0
Adding component instance block -- xilinx.com:ip:xlconstant:1.1 - xlconstant_0
Adding component instance block -- xilinx.com:ip:xlslice:1.0 - update
Adding component instance block -- xilinx.com:ip:xlslice:1.0 - count_step
Adding component instance block -- xilinx.com:ip:c_addsub:12.0 - c_addsub_1
Adding component instance block -- xilinx.com:ip:xlslice:1.0 - updt_ctrl
Adding component instance block -- xilinx.com:ip:c_addsub:12.0 - c_addsub_2
Adding component instance block -- xilinx.com:ip:xlslice:1.0 - reset_soft
Adding component instance block -- xilinx.com:ip:xlslice:1.0 - reset_ctrl
Adding component instance block -- xilinx.com:ip:c_addsub:12.0 - c_addsub_3
Adding component instance block -- xilinx.com:ip:xlslice:1.0 - ttl_ctrl
Adding component instance block -- xilinx.com:ip:util_vector_logic:2.0 - util_vector_logic_0
Adding component instance block -- xilinx.com:ip:xlconstant:1.1 - xlconstant_1
Adding component instance block -- xilinx.com:ip:c_addsub:12.0 - c_addsub_4
Adding component instance block -- xilinx.com:user:RisingEdge_DFlipFlop:1.0 - RisingEdge_DFlipFlop_0
Adding component instance block -- xilinx.com:user:RisingEdge_DFlipFlop:1.0 - RisingEdge_DFlipFlop_1
Adding component instance block -- xilinx.com:user:RisingEdge_DFlipFlop:1.0 - RisingEdge_DFlipFlop_2
Adding component instance block -- xilinx.com:user:RisingEdge_DFlipFlop:1.0 - RisingEdge_DFlipFlop_3
Adding component instance block -- xilinx.com:ip:util_vector_logic:2.0 - util_vector_logic_1
Adding component instance block -- xilinx.com:ip:proc_sys_reset:5.0 - rst_0
Adding component instance block -- pavel-demin:user:axi_bram_writer:1.0 - axi_bram_writer_0
Adding component instance block -- xilinx.com:ip:blk_mem_gen:8.4 - blk_mem_gen_1
Adding component instance block -- xilinx.com:ip:xlslice:1.0 - PC_ctrl
Adding component instance block -- xilinx.com:ip:xlslice:1.0 - pwrdown
Adding component instance block -- user.org:user:mybuffer:1.0 - mybuffer_0
Adding component instance block -- xilinx.com:ip:xlconstant:1.1 - xlconstant_1
Adding component instance block -- xilinx.com:ip:xlslice:1.0 - update_duration
Adding component instance block -- user.org:user:mybuffer:1.0 - mybuffer_1
Adding component instance block -- xilinx.com:ip:xlconstant:1.1 - xlconstant_2
Adding component instance block -- syrte:volodimer:mycore:1.0 - mycore_0
Adding component instance block -- xilinx.com:ip:xlslice:1.0 - clk_spi_div
WARNING: [BD 41-1731] Type mismatch between connected pins: /mycore_0/CLK(clk) and /ila_0/probe1(undef)
WARNING: [BD 41-1731] Type mismatch between connected pins: /c_addsub_1/S(data) and /mybuffer_0/clk(clk)
WARNING: [BD 41-1731] Type mismatch between connected pins: /c_addsub_1/S(data) and /mybuffer_1/clk(clk)
Successfully read diagram <system> from BD file <F:/MIGA/tmp/sdr_receiver.srcs/sources_1/bd/system/system.bd>
open_bd_design: Time (s): cpu = 00:00:21 ; elapsed = 00:00:18 . Memory (MB): peak = 989.016 ; gain = 6.184
update_compile_order -fileset sources_1
exit
INFO: [Common 17-206] Exiting Vivado at Wed Dec  2 10:43:41 2020...
